<?xml version="1.0" encoding="UTF-8"?>
<coverage generated="1628327006605" clover="3.2.0">
  <project timestamp="1628327006605" name="All files">
    <metrics statements="34" coveredstatements="34" conditionals="13" coveredconditionals="13" methods="3" coveredmethods="3" elements="50" coveredelements="50" complexity="0" loc="34" ncloc="34" packages="1" files="2" classes="2"/>
    <file name="index.js" path="/Users/Peter/web/js/Hexlet/frontend-project-lvl2/src/index.js">
      <metrics statements="22" coveredstatements="22" conditionals="11" coveredconditionals="11" methods="2" coveredmethods="2"/>
      <line num="1" count="5" type="cond" truecount="2" falsecount="0"/>
      <line num="2" count="5" type="cond" truecount="1" falsecount="0"/>
      <line num="3" count="4" type="stmt"/>
      <line num="4" count="5" type="cond" truecount="2" falsecount="0"/>
      <line num="5" count="5" type="cond" truecount="2" falsecount="0"/>
      <line num="6" count="5" type="cond" truecount="2" falsecount="0"/>
      <line num="7" count="1" type="cond" truecount="1" falsecount="0"/>
      <line num="8" count="1" type="stmt"/>
      <line num="9" count="1" type="stmt"/>
      <line num="10" count="1" type="stmt"/>
      <line num="11" count="1" type="stmt"/>
      <line num="12" count="1" type="stmt"/>
      <line num="13" count="1" type="stmt"/>
      <line num="14" count="1" type="cond" truecount="1" falsecount="0"/>
      <line num="15" count="5" type="stmt"/>
      <line num="16" count="5" type="stmt"/>
      <line num="17" count="1" type="stmt"/>
      <line num="18" count="1" type="stmt"/>
      <line num="19" count="1" type="stmt"/>
      <line num="20" count="1" type="stmt"/>
      <line num="21" count="1" type="stmt"/>
      <line num="22" count="1" type="stmt"/>
    </file>
    <file name="utils.js" path="/Users/Peter/web/js/Hexlet/frontend-project-lvl2/src/utils.js">
      <metrics statements="12" coveredstatements="12" conditionals="2" coveredconditionals="2" methods="1" coveredmethods="1"/>
      <line num="1" count="2" type="cond" truecount="2" falsecount="0"/>
      <line num="2" count="2" type="stmt"/>
      <line num="3" count="2" type="stmt"/>
      <line num="4" count="2" type="stmt"/>
      <line num="5" count="2" type="stmt"/>
      <line num="6" count="2" type="stmt"/>
      <line num="7" count="2" type="stmt"/>
      <line num="8" count="1" type="stmt"/>
      <line num="9" count="1" type="stmt"/>
      <line num="10" count="1" type="stmt"/>
      <line num="11" count="1" type="stmt"/>
      <line num="12" count="1" type="stmt"/>
    </file>
  </project>
</coverage>
