{"/Users/Peter/web/js/Hexlet/frontend-project-lvl2/src/index.js": {"path":"/Users/Peter/web/js/Hexlet/frontend-project-lvl2/src/index.js","all":false,"statementMap":{"0":{"start":{"line":1,"column":0},"end":{"line":1,"column":23}},"1":{"start":{"line":2,"column":0},"end":{"line":2,"column":31}},"2":{"start":{"line":3,"column":0},"end":{"line":3,"column":0}},"3":{"start":{"line":4,"column":0},"end":{"line":4,"column":41}},"4":{"start":{"line":5,"column":0},"end":{"line":5,"column":79}},"5":{"start":{"line":6,"column":0},"end":{"line":6,"column":79}},"6":{"start":{"line":7,"column":0},"end":{"line":7,"column":115}},"7":{"start":{"line":8,"column":0},"end":{"line":8,"column":2}},"8":{"start":{"line":9,"column":0},"end":{"line":9,"column":0}},"9":{"start":{"line":10,"column":0},"end":{"line":10,"column":43}},"10":{"start":{"line":11,"column":0},"end":{"line":11,"column":32}},"11":{"start":{"line":12,"column":0},"end":{"line":12,"column":32}},"12":{"start":{"line":13,"column":0},"end":{"line":13,"column":0}},"13":{"start":{"line":14,"column":0},"end":{"line":14,"column":65}},"14":{"start":{"line":15,"column":0},"end":{"line":15,"column":0}},"15":{"start":{"line":16,"column":0},"end":{"line":16,"column":18}},"16":{"start":{"line":17,"column":0},"end":{"line":17,"column":36}},"17":{"start":{"line":18,"column":0},"end":{"line":18,"column":42}},"18":{"start":{"line":19,"column":0},"end":{"line":19,"column":3}},"19":{"start":{"line":20,"column":0},"end":{"line":20,"column":25}},"20":{"start":{"line":21,"column":0},"end":{"line":21,"column":2}},"21":{"start":{"line":22,"column":0},"end":{"line":22,"column":23}}},"s":{"0":5,"1":5,"2":4,"3":5,"4":5,"5":5,"6":1,"7":1,"8":1,"9":1,"10":1,"11":1,"12":1,"13":1,"14":5,"15":5,"16":1,"17":1,"18":1,"19":1,"20":1,"21":1},"branchMap":{"0":{"type":"branch","line":1,"loc":{"start":{"line":1,"column":0},"end":{"line":18,"column":18}},"locations":[{"start":{"line":1,"column":0},"end":{"line":18,"column":18}}]},"1":{"type":"branch","line":1,"loc":{"start":{"line":1,"column":0},"end":{"line":7,"column":35}},"locations":[{"start":{"line":1,"column":0},"end":{"line":7,"column":35}}]},"2":{"type":"branch","line":2,"loc":{"start":{"line":2,"column":16},"end":{"line":4,"column":3}},"locations":[{"start":{"line":2,"column":16},"end":{"line":4,"column":3}}]},"3":{"type":"branch","line":4,"loc":{"start":{"line":4,"column":5},"end":{"line":4,"column":39}},"locations":[{"start":{"line":4,"column":5},"end":{"line":4,"column":39}}]},"4":{"type":"branch","line":4,"loc":{"start":{"line":4,"column":39},"end":{"line":5,"column":41}},"locations":[{"start":{"line":4,"column":39},"end":{"line":5,"column":41}}]},"5":{"type":"branch","line":5,"loc":{"start":{"line":5,"column":43},"end":{"line":5,"column":77}},"locations":[{"start":{"line":5,"column":43},"end":{"line":5,"column":77}}]},"6":{"type":"branch","line":5,"loc":{"start":{"line":5,"column":77},"end":{"line":6,"column":31}},"locations":[{"start":{"line":5,"column":77},"end":{"line":6,"column":31}}]},"7":{"type":"branch","line":6,"loc":{"start":{"line":6,"column":31},"end":{"line":6,"column":59}},"locations":[{"start":{"line":6,"column":31},"end":{"line":6,"column":59}}]},"8":{"type":"branch","line":6,"loc":{"start":{"line":6,"column":60},"end":{"line":7,"column":32}},"locations":[{"start":{"line":6,"column":60},"end":{"line":7,"column":32}}]},"9":{"type":"branch","line":7,"loc":{"start":{"line":7,"column":54},"end":{"line":17,"column":29}},"locations":[{"start":{"line":7,"column":54},"end":{"line":17,"column":29}}]},"10":{"type":"branch","line":14,"loc":{"start":{"line":14,"column":39},"end":{"line":17,"column":1}},"locations":[{"start":{"line":14,"column":39},"end":{"line":17,"column":1}}]}},"b":{"0":[1],"1":[5],"2":[4],"3":[2],"4":[3],"5":[1],"6":[2],"7":[1],"8":[1],"9":[1],"10":[5]},"fnMap":{"0":{"name":"comparison","decl":{"start":{"line":1,"column":0},"end":{"line":7,"column":35}},"loc":{"start":{"line":1,"column":0},"end":{"line":7,"column":35}},"line":1},"1":{"name":"genDiff","decl":{"start":{"line":7,"column":54},"end":{"line":17,"column":29}},"loc":{"start":{"line":7,"column":54},"end":{"line":17,"column":29}},"line":7}},"f":{"0":5,"1":1}}
,"/Users/Peter/web/js/Hexlet/frontend-project-lvl2/src/utils.js": {"path":"/Users/Peter/web/js/Hexlet/frontend-project-lvl2/src/utils.js","all":false,"statementMap":{"0":{"start":{"line":1,"column":0},"end":{"line":1,"column":20}},"1":{"start":{"line":2,"column":0},"end":{"line":2,"column":24}},"2":{"start":{"line":3,"column":0},"end":{"line":3,"column":0}},"3":{"start":{"line":4,"column":0},"end":{"line":4,"column":25}},"4":{"start":{"line":5,"column":0},"end":{"line":5,"column":62}},"5":{"start":{"line":6,"column":0},"end":{"line":6,"column":60}},"6":{"start":{"line":7,"column":0},"end":{"line":7,"column":0}},"7":{"start":{"line":8,"column":0},"end":{"line":8,"column":48}},"8":{"start":{"line":9,"column":0},"end":{"line":9,"column":55}},"9":{"start":{"line":10,"column":0},"end":{"line":10,"column":2}},"10":{"start":{"line":11,"column":0},"end":{"line":11,"column":0}},"11":{"start":{"line":12,"column":0},"end":{"line":12,"column":21}}},"s":{"0":2,"1":2,"2":2,"3":2,"4":2,"5":2,"6":2,"7":1,"8":1,"9":1,"10":1,"11":1},"branchMap":{"0":{"type":"branch","line":1,"loc":{"start":{"line":1,"column":0},"end":{"line":9,"column":0}},"locations":[{"start":{"line":1,"column":0},"end":{"line":9,"column":0}}]},"1":{"type":"branch","line":1,"loc":{"start":{"line":1,"column":0},"end":{"line":8,"column":24}},"locations":[{"start":{"line":1,"column":0},"end":{"line":8,"column":24}}]}},"b":{"0":[1],"1":[2]},"fnMap":{"0":{"name":"parce","decl":{"start":{"line":1,"column":0},"end":{"line":8,"column":24}},"loc":{"start":{"line":1,"column":0},"end":{"line":8,"column":24}},"line":1}},"f":{"0":2}}
}
