TN:
SF:src/index.js
FN:1,comparison
FN:7,genDiff
FNF:2
FNH:2
FNDA:5,comparison
FNDA:1,genDiff
DA:1,5
DA:2,5
DA:3,4
DA:4,5
DA:5,5
DA:6,5
DA:7,1
DA:8,1
DA:9,1
DA:10,1
DA:11,1
DA:12,1
DA:13,1
DA:14,1
DA:15,5
DA:16,5
DA:17,1
DA:18,1
DA:19,1
DA:20,1
DA:21,1
DA:22,1
LF:22
LH:22
BRDA:1,0,0,1
BRDA:1,1,0,5
BRDA:2,2,0,4
BRDA:4,3,0,2
BRDA:4,4,0,3
BRDA:5,5,0,1
BRDA:5,6,0,2
BRDA:6,7,0,1
BRDA:6,8,0,1
BRDA:7,9,0,1
BRDA:14,10,0,5
BRF:11
BRH:11
end_of_record
TN:
SF:src/utils.js
FN:1,parce
FNF:1
FNH:1
FNDA:2,parce
DA:1,2
DA:2,2
DA:3,2
DA:4,2
DA:5,2
DA:6,2
DA:7,2
DA:8,1
DA:9,1
DA:10,1
DA:11,1
DA:12,1
LF:12
LH:12
BRDA:1,0,0,1
BRDA:1,1,0,2
BRF:2
BRH:2
end_of_record
